"/Users/ethanshafranmoltz/Library/Application Support/JetBrains/Toolbox/apps/CLion/ch-0/213.7172.20/CLion.app/Contents/bin/cmake/mac/bin/cmake" -DCMAKE_BUILD_TYPE=Debug -G "CodeBlocks - Unix Makefiles" /Users/ethanshafranmoltz/Documents/GitHub/OOPSession
CMake Warning at /Users/ethanshafranmoltz/Library/Application Support/JetBrains/Toolbox/apps/CLion/ch-0/213.7172.20/CLion.app/Contents/bin/cmake/mac/share/cmake-3.21/Modules/Platform/Darwin-Initialize.cmake:303 (message):
  Ignoring CMAKE_OSX_SYSROOT value:

   /Applications/Xcode.app/Contents/Developer/Platforms/MacOSX.platform/Developer/SDKs/MacOSX11.1.sdk

  because the directory does not exist.
Call Stack (most recent call first):
  /Users/ethanshafranmoltz/Library/Application Support/JetBrains/Toolbox/apps/CLion/ch-0/213.7172.20/CLion.app/Contents/bin/cmake/mac/share/cmake-3.21/Modules/CMakeSystemSpecificInitialize.cmake:21 (include)
  CMakeLists.txt:2 (project)


-- The C compiler identification is AppleClang 13.1.6.13160021
-- The CXX compiler identification is AppleClang 13.1.6.13160021
-- Detecting C compiler ABI info
-- Detecting C compiler ABI info - failed
-- Check for working C compiler: /Applications/Xcode.app/Contents/Developer/Toolchains/XcodeDefault.xctoolchain/usr/bin/cc
-- Check for working C compiler: /Applications/Xcode.app/Contents/Developer/Toolchains/XcodeDefault.xctoolchain/usr/bin/cc - broken
CMake Error at /Users/ethanshafranmoltz/Library/Application Support/JetBrains/Toolbox/apps/CLion/ch-0/213.7172.20/CLion.app/Contents/bin/cmake/mac/share/cmake-3.21/Modules/CMakeTestCCompiler.cmake:69 (message):
  The C compiler

    "/Applications/Xcode.app/Contents/Developer/Toolchains/XcodeDefault.xctoolchain/usr/bin/cc"

  is not able to compile a simple test program.

  It fails with the following output:

    Change Dir: /Users/ethanshafranmoltz/Documents/GitHub/OOPSession/cmake-build-debug/CMakeFiles/CMakeTmp
    
    Run Build Command(s):/usr/bin/make -f Makefile cmTC_dbf25/fast && /Applications/Xcode.app/Contents/Developer/usr/bin/make  -f CMakeFiles/cmTC_dbf25.dir/build.make CMakeFiles/cmTC_dbf25.dir/build
    Building C object CMakeFiles/cmTC_dbf25.dir/testCCompiler.c.o
    /Applications/Xcode.app/Contents/Developer/Toolchains/XcodeDefault.xctoolchain/usr/bin/cc   -arch arm64 -MD -MT CMakeFiles/cmTC_dbf25.dir/testCCompiler.c.o -MF CMakeFiles/cmTC_dbf25.dir/testCCompiler.c.o.d -o CMakeFiles/cmTC_dbf25.dir/testCCompiler.c.o -c /Users/ethanshafranmoltz/Documents/GitHub/OOPSession/cmake-build-debug/CMakeFiles/CMakeTmp/testCCompiler.c
    Linking C executable cmTC_dbf25
    "/Users/ethanshafranmoltz/Library/Application Support/JetBrains/Toolbox/apps/CLion/ch-0/213.7172.20/CLion.app/Contents/bin/cmake/mac/bin/cmake" -E cmake_link_script CMakeFiles/cmTC_dbf25.dir/link.txt --verbose=1
    /Applications/Xcode.app/Contents/Developer/Toolchains/XcodeDefault.xctoolchain/usr/bin/cc  -arch arm64 -Wl,-search_paths_first -Wl,-headerpad_max_install_names CMakeFiles/cmTC_dbf25.dir/testCCompiler.c.o -o cmTC_dbf25 
    ld: library not found for -lSystem
    clang: error: linker command failed with exit code 1 (use -v to see invocation)
    make[1]: *** [cmTC_dbf25] Error 1
    make: *** [cmTC_dbf25/fast] Error 2
    
    

  

  CMake will not be able to correctly generate this project.
Call Stack (most recent call first):
  CMakeLists.txt:2 (project)


-- Configuring incomplete, errors occurred!
See also "/Users/ethanshafranmoltz/Documents/GitHub/OOPSession/cmake-build-debug/CMakeFiles/CMakeOutput.log".
See also "/Users/ethanshafranmoltz/Documents/GitHub/OOPSession/cmake-build-debug/CMakeFiles/CMakeError.log".
